<?xml version="1.0" encoding="UTF-8"?>
<!-- Generated by org.testng.reporters.JUnitXMLReporter -->
<testsuite hostname="HariDarshana" ignored="0" name="Test" tests="1" failures="0" timestamp="2023-04-06T13:45:41 CDT" time="2.052" errors="0">
  <testcase name="@BeforeClass setup" time="-1.680806741516E9" classname="testCases.BaseClass">
    <failure type="org.testng.TestNGException" message="
Parameter &amp;apos;browser&amp;apos; is required by BeforeClass on method setup but has not been marked @Optional or defined
in C:\Users\Reka\eclipse-workspace\Reka.TestNG_Framework_DDT\testng.xml">
      <![CDATA[org.testng.TestNGException: 
Parameter 'browser' is required by BeforeClass on method setup but has not been marked @Optional or defined
in C:\Users\Reka\eclipse-workspace\Reka.TestNG_Framework_DDT\testng.xml
at java.util.ArrayList.forEach(Unknown Source)
... Removed 22 stack frames]]>
    </failure>
  </testcase> <!-- @BeforeClass setup -->
  <testcase name="@AfterClass tearDown" time="-1.68080674164E9" classname="testCases.BaseClass">
    <skipped/>
  </testcase> <!-- @AfterClass tearDown -->
  <testcase name="loginTestCase" time="0.0" classname="testCases.TestCase">
    <skipped/>
  </testcase> <!-- loginTestCase -->
</testsuite> <!-- Test -->
